<?xml version="1.0" encoding="UTF-8"?>
<testsuite name="ru.netology.delivery.test.DeliveryTest" tests="1" skipped="0" failures="1" errors="0" timestamp="2023-10-27T17:08:34" hostname="MacBook-Air-Uliana.local" time="7.258">
  <properties/>
  <testcase name="Should successful plan and ChangePlan meeting" classname="ru.netology.delivery.test.DeliveryTest" time="7.258">
    <failure message="org.openqa.selenium.SessionNotCreatedException: Could not start a new session. Response code 500. Message: session not created: This version of ChromeDriver only supports Chrome version 114&#10;Current browser version is 118.0.5993.117 with binary path /Applications/Google Chrome.app/Contents/MacOS/Google Chrome &#10;Host info: host: 'MacBook-Air-Uliana.local', ip: 'fe80:0:0:0:c3d:11bc:684d:a82b%en0'&#10;Build info: version: '4.8.1', revision: '8ebccac989'&#10;System info: os.name: 'Mac OS X', os.arch: 'x86_64', os.version: '13.5', java.version: '11.0.18'&#10;Driver info: org.openqa.selenium.chrome.ChromeDriver&#10;Command: [null, newSession {capabilities=[Capabilities {acceptInsecureCerts: true, browserName: chrome, goog:chromeOptions: {args: [--proxy-bypass-list=&lt;-loopb..., --disable-dev-shm-usage, --no-sandbox, --remote-allow-origins=*, --window-size=1366,768], excludeSwitches: [enable-automation, load-extension], extensions: [], prefs: {credentials_enable_service: false, download.default_directory: /Users/willi/Desktop/Allure..., plugins.always_open_pdf_externally: true, profile.default_content_setting_values.automatic_downloads: 1, safebrowsing.enabled: true}}, pageLoadStrategy: normal, unhandledPromptBehavior: accept}], desiredCapabilities=Capabilities {acceptInsecureCerts: true, browserName: chrome, goog:chromeOptions: {args: [--proxy-bypass-list=&lt;-loopb..., --disable-dev-shm-usage, --no-sandbox, --remote-allow-origins=*, --window-size=1366,768], excludeSwitches: [enable-automation, load-extension], extensions: [], prefs: {credentials_enable_service: false, download.default_directory: /Users/willi/Desktop/Allure..., plugins.always_open_pdf_externally: true, profile.default_content_setting_values.automatic_downloads: 1, safebrowsing.enabled: true}}, pageLoadStrategy: normal, unhandledPromptBehavior: accept}}]&#10;selenide.url: http://localhost:7777&#10;selenide.baseUrl: http://localhost:8080" type="org.openqa.selenium.SessionNotCreatedException">org.openqa.selenium.SessionNotCreatedException: Could not start a new session. Response code 500. Message: session not created: This version of ChromeDriver only supports Chrome version 114
Current browser version is 118.0.5993.117 with binary path /Applications/Google Chrome.app/Contents/MacOS/Google Chrome 
Host info: host: 'MacBook-Air-Uliana.local', ip: 'fe80:0:0:0:c3d:11bc:684d:a82b%en0'
Build info: version: '4.8.1', revision: '8ebccac989'
System info: os.name: 'Mac OS X', os.arch: 'x86_64', os.version: '13.5', java.version: '11.0.18'
Driver info: org.openqa.selenium.chrome.ChromeDriver
Command: [null, newSession {capabilities=[Capabilities {acceptInsecureCerts: true, browserName: chrome, goog:chromeOptions: {args: [--proxy-bypass-list=&lt;-loopb..., --disable-dev-shm-usage, --no-sandbox, --remote-allow-origins=*, --window-size=1366,768], excludeSwitches: [enable-automation, load-extension], extensions: [], prefs: {credentials_enable_service: false, download.default_directory: /Users/willi/Desktop/Allure..., plugins.always_open_pdf_externally: true, profile.default_content_setting_values.automatic_downloads: 1, safebrowsing.enabled: true}}, pageLoadStrategy: normal, unhandledPromptBehavior: accept}], desiredCapabilities=Capabilities {acceptInsecureCerts: true, browserName: chrome, goog:chromeOptions: {args: [--proxy-bypass-list=&lt;-loopb..., --disable-dev-shm-usage, --no-sandbox, --remote-allow-origins=*, --window-size=1366,768], excludeSwitches: [enable-automation, load-extension], extensions: [], prefs: {credentials_enable_service: false, download.default_directory: /Users/willi/Desktop/Allure..., plugins.always_open_pdf_externally: true, profile.default_content_setting_values.automatic_downloads: 1, safebrowsing.enabled: true}}, pageLoadStrategy: normal, unhandledPromptBehavior: accept}}]
selenide.url: http://localhost:7777
selenide.baseUrl: http://localhost:8080
	at org.openqa.selenium.remote.ProtocolHandshake.createSession(ProtocolHandshake.java:148)
	at org.openqa.selenium.remote.ProtocolHandshake.createSession(ProtocolHandshake.java:106)
	at org.openqa.selenium.remote.ProtocolHandshake.createSession(ProtocolHandshake.java:67)
	at org.openqa.selenium.remote.HttpCommandExecutor.execute(HttpCommandExecutor.java:156)
	at org.openqa.selenium.remote.service.DriverCommandExecutor.invokeExecute(DriverCommandExecutor.java:167)
	at org.openqa.selenium.remote.service.DriverCommandExecutor.execute(DriverCommandExecutor.java:142)
	at org.openqa.selenium.remote.RemoteWebDriver.execute(RemoteWebDriver.java:543)
	at org.openqa.selenium.remote.RemoteWebDriver.startSession(RemoteWebDriver.java:229)
	at org.openqa.selenium.remote.RemoteWebDriver.&lt;init&gt;(RemoteWebDriver.java:157)
	at org.openqa.selenium.chromium.ChromiumDriver.&lt;init&gt;(ChromiumDriver.java:101)
	at org.openqa.selenium.chrome.ChromeDriver.&lt;init&gt;(ChromeDriver.java:82)
	at com.codeborne.selenide.webdriver.ChromeDriverFactory.create(ChromeDriverFactory.java:42)
	at com.codeborne.selenide.webdriver.WebDriverFactory.createWebDriverInstance(WebDriverFactory.java:121)
	at com.codeborne.selenide.webdriver.WebDriverFactory.createWebDriver(WebDriverFactory.java:67)
	at com.codeborne.selenide.drivercommands.CreateDriverCommand.lambda$createDriver$0(CreateDriverCommand.java:76)
	at com.codeborne.selenide.logevents.SelenideLogger.get(SelenideLogger.java:118)
	at com.codeborne.selenide.drivercommands.CreateDriverCommand.createDriver(CreateDriverCommand.java:52)
	at com.codeborne.selenide.impl.WebDriverThreadLocalContainer.createDriver(WebDriverThreadLocalContainer.java:180)
	at com.codeborne.selenide.impl.WebDriverThreadLocalContainer.getAndCheckWebDriver(WebDriverThreadLocalContainer.java:149)
	at com.codeborne.selenide.WebDriverRunner.getAndCheckWebDriver(WebDriverRunner.java:130)
	at com.codeborne.selenide.impl.StaticDriver.getAndCheckWebDriver(StaticDriver.java:65)
	at com.codeborne.selenide.SelenideDriver.getAndCheckWebDriver(SelenideDriver.java:220)
	at com.codeborne.selenide.drivercommands.Navigator.lambda$navigateTo$0(Navigator.java:72)
	at com.codeborne.selenide.logevents.SelenideLogger.run(SelenideLogger.java:105)
	at com.codeborne.selenide.drivercommands.Navigator.navigateTo(Navigator.java:70)
	at com.codeborne.selenide.drivercommands.Navigator.open(Navigator.java:32)
	at com.codeborne.selenide.SelenideDriver.open(SelenideDriver.java:101)
	at com.codeborne.selenide.Selenide.open(Selenide.java:52)
	at ru.netology.delivery.test.DeliveryTest.setup(DeliveryTest.java:20)
	at java.base/jdk.internal.reflect.NativeMethodAccessorImpl.invoke0(Native Method)
	at java.base/jdk.internal.reflect.NativeMethodAccessorImpl.invoke(NativeMethodAccessorImpl.java:62)
	at java.base/jdk.internal.reflect.DelegatingMethodAccessorImpl.invoke(DelegatingMethodAccessorImpl.java:43)
	at java.base/java.lang.reflect.Method.invoke(Method.java:566)
	at org.junit.platform.commons.util.ReflectionUtils.invokeMethod(ReflectionUtils.java:688)
	at org.junit.jupiter.engine.execution.MethodInvocation.proceed(MethodInvocation.java:60)
	at org.junit.jupiter.engine.execution.InvocationInterceptorChain$ValidatingInvocation.proceed(InvocationInterceptorChain.java:131)
	at org.junit.jupiter.engine.extension.TimeoutExtension.intercept(TimeoutExtension.java:149)
	at org.junit.jupiter.engine.extension.TimeoutExtension.interceptLifecycleMethod(TimeoutExtension.java:126)
	at org.junit.jupiter.engine.extension.TimeoutExtension.interceptBeforeEachMethod(TimeoutExtension.java:76)
	at org.junit.jupiter.engine.execution.ExecutableInvoker$ReflectiveInterceptorCall.lambda$ofVoidMethod$0(ExecutableInvoker.java:115)
	at org.junit.jupiter.engine.execution.ExecutableInvoker.lambda$invoke$0(ExecutableInvoker.java:105)
	at org.junit.jupiter.engine.execution.InvocationInterceptorChain$InterceptedInvocation.proceed(InvocationInterceptorChain.java:106)
	at org.junit.jupiter.engine.execution.InvocationInterceptorChain.proceed(InvocationInterceptorChain.java:64)
	at org.junit.jupiter.engine.execution.InvocationInterceptorChain.chainAndInvoke(InvocationInterceptorChain.java:45)
	at org.junit.jupiter.engine.execution.InvocationInterceptorChain.invoke(InvocationInterceptorChain.java:37)
	at org.junit.jupiter.engine.execution.ExecutableInvoker.invoke(ExecutableInvoker.java:104)
	at org.junit.jupiter.engine.execution.ExecutableInvoker.invoke(ExecutableInvoker.java:98)
	at org.junit.jupiter.engine.descriptor.ClassBasedTestDescriptor.invokeMethodInExtensionContext(ClassBasedTestDescriptor.java:490)
	at org.junit.jupiter.engine.descriptor.ClassBasedTestDescriptor.lambda$synthesizeBeforeEachMethodAdapter$19(ClassBasedTestDescriptor.java:475)
	at org.junit.jupiter.engine.descriptor.TestMethodTestDescriptor.lambda$invokeBeforeEachMethods$2(TestMethodTestDescriptor.java:167)
	at org.junit.jupiter.engine.descriptor.TestMethodTestDescriptor.lambda$invokeBeforeMethodsOrCallbacksUntilExceptionOccurs$5(TestMethodTestDescriptor.java:195)
	at org.junit.platform.engine.support.hierarchical.ThrowableCollector.execute(ThrowableCollector.java:73)
	at org.junit.jupiter.engine.descriptor.TestMethodTestDescriptor.invokeBeforeMethodsOrCallbacksUntilExceptionOccurs(TestMethodTestDescriptor.java:195)
	at org.junit.jupiter.engine.descriptor.TestMethodTestDescriptor.invokeBeforeEachMethods(TestMethodTestDescriptor.java:164)
	at org.junit.jupiter.engine.descriptor.TestMethodTestDescriptor.execute(TestMethodTestDescriptor.java:127)
	at org.junit.jupiter.engine.descriptor.TestMethodTestDescriptor.execute(TestMethodTestDescriptor.java:65)
	at org.junit.platform.engine.support.hierarchical.NodeTestTask.lambda$executeRecursively$5(NodeTestTask.java:139)
	at org.junit.platform.engine.support.hierarchical.ThrowableCollector.execute(ThrowableCollector.java:73)
	at org.junit.platform.engine.support.hierarchical.NodeTestTask.lambda$executeRecursively$7(NodeTestTask.java:129)
	at org.junit.platform.engine.support.hierarchical.Node.around(Node.java:137)
	at org.junit.platform.engine.support.hierarchical.NodeTestTask.lambda$executeRecursively$8(NodeTestTask.java:127)
	at org.junit.platform.engine.support.hierarchical.ThrowableCollector.execute(ThrowableCollector.java:73)
	at org.junit.platform.engine.support.hierarchical.NodeTestTask.executeRecursively(NodeTestTask.java:126)
	at org.junit.platform.engine.support.hierarchical.NodeTestTask.execute(NodeTestTask.java:84)
	at java.base/java.util.ArrayList.forEach(ArrayList.java:1541)
	at org.junit.platform.engine.support.hierarchical.SameThreadHierarchicalTestExecutorService.invokeAll(SameThreadHierarchicalTestExecutorService.java:38)
	at org.junit.platform.engine.support.hierarchical.NodeTestTask.lambda$executeRecursively$5(NodeTestTask.java:143)
	at org.junit.platform.engine.support.hierarchical.ThrowableCollector.execute(ThrowableCollector.java:73)
	at org.junit.platform.engine.support.hierarchical.NodeTestTask.lambda$executeRecursively$7(NodeTestTask.java:129)
	at org.junit.platform.engine.support.hierarchical.Node.around(Node.java:137)
	at org.junit.platform.engine.support.hierarchical.NodeTestTask.lambda$executeRecursively$8(NodeTestTask.java:127)
	at org.junit.platform.engine.support.hierarchical.ThrowableCollector.execute(ThrowableCollector.java:73)
	at org.junit.platform.engine.support.hierarchical.NodeTestTask.executeRecursively(NodeTestTask.java:126)
	at org.junit.platform.engine.support.hierarchical.NodeTestTask.execute(NodeTestTask.java:84)
	at java.base/java.util.ArrayList.forEach(ArrayList.java:1541)
	at org.junit.platform.engine.support.hierarchical.SameThreadHierarchicalTestExecutorService.invokeAll(SameThreadHierarchicalTestExecutorService.java:38)
	at org.junit.platform.engine.support.hierarchical.NodeTestTask.lambda$executeRecursively$5(NodeTestTask.java:143)
	at org.junit.platform.engine.support.hierarchical.ThrowableCollector.execute(ThrowableCollector.java:73)
	at org.junit.platform.engine.support.hierarchical.NodeTestTask.lambda$executeRecursively$7(NodeTestTask.java:129)
	at org.junit.platform.engine.support.hierarchical.Node.around(Node.java:137)
	at org.junit.platform.engine.support.hierarchical.NodeTestTask.lambda$executeRecursively$8(NodeTestTask.java:127)
	at org.junit.platform.engine.support.hierarchical.ThrowableCollector.execute(ThrowableCollector.java:73)
	at org.junit.platform.engine.support.hierarchical.NodeTestTask.executeRecursively(NodeTestTask.java:126)
	at org.junit.platform.engine.support.hierarchical.NodeTestTask.execute(NodeTestTask.java:84)
	at org.junit.platform.engine.support.hierarchical.SameThreadHierarchicalTestExecutorService.submit(SameThreadHierarchicalTestExecutorService.java:32)
	at org.junit.platform.engine.support.hierarchical.HierarchicalTestExecutor.execute(HierarchicalTestExecutor.java:57)
	at org.junit.platform.engine.support.hierarchical.HierarchicalTestEngine.execute(HierarchicalTestEngine.java:51)
	at org.junit.platform.launcher.core.DefaultLauncher.execute(DefaultLauncher.java:248)
	at org.junit.platform.launcher.core.DefaultLauncher.lambda$execute$5(DefaultLauncher.java:211)
	at org.junit.platform.launcher.core.DefaultLauncher.withInterceptedStreams(DefaultLauncher.java:226)
	at org.junit.platform.launcher.core.DefaultLauncher.execute(DefaultLauncher.java:199)
	at org.junit.platform.launcher.core.DefaultLauncher.execute(DefaultLauncher.java:132)
	at org.gradle.api.internal.tasks.testing.junitplatform.JUnitPlatformTestClassProcessor$CollectAllTestClassesExecutor.processAllTestClasses(JUnitPlatformTestClassProcessor.java:99)
	at org.gradle.api.internal.tasks.testing.junitplatform.JUnitPlatformTestClassProcessor$CollectAllTestClassesExecutor.access$000(JUnitPlatformTestClassProcessor.java:79)
	at org.gradle.api.internal.tasks.testing.junitplatform.JUnitPlatformTestClassProcessor.stop(JUnitPlatformTestClassProcessor.java:75)
	at org.gradle.api.internal.tasks.testing.SuiteTestClassProcessor.stop(SuiteTestClassProcessor.java:61)
	at java.base/jdk.internal.reflect.NativeMethodAccessorImpl.invoke0(Native Method)
	at java.base/jdk.internal.reflect.NativeMethodAccessorImpl.invoke(NativeMethodAccessorImpl.java:62)
	at java.base/jdk.internal.reflect.DelegatingMethodAccessorImpl.invoke(DelegatingMethodAccessorImpl.java:43)
	at java.base/java.lang.reflect.Method.invoke(Method.java:566)
	at org.gradle.internal.dispatch.ReflectionDispatch.dispatch(ReflectionDispatch.java:36)
	at org.gradle.internal.dispatch.ReflectionDispatch.dispatch(ReflectionDispatch.java:24)
	at org.gradle.internal.dispatch.ContextClassLoaderDispatch.dispatch(ContextClassLoaderDispatch.java:33)
	at org.gradle.internal.dispatch.ProxyDispatchAdapter$DispatchingInvocationHandler.invoke(ProxyDispatchAdapter.java:94)
	at com.sun.proxy.$Proxy2.stop(Unknown Source)
	at org.gradle.api.internal.tasks.testing.worker.TestWorker.stop(TestWorker.java:133)
	at java.base/jdk.internal.reflect.NativeMethodAccessorImpl.invoke0(Native Method)
	at java.base/jdk.internal.reflect.NativeMethodAccessorImpl.invoke(NativeMethodAccessorImpl.java:62)
	at java.base/jdk.internal.reflect.DelegatingMethodAccessorImpl.invoke(DelegatingMethodAccessorImpl.java:43)
	at java.base/java.lang.reflect.Method.invoke(Method.java:566)
	at org.gradle.internal.dispatch.ReflectionDispatch.dispatch(ReflectionDispatch.java:36)
	at org.gradle.internal.dispatch.ReflectionDispatch.dispatch(ReflectionDispatch.java:24)
	at org.gradle.internal.remote.internal.hub.MessageHubBackedObjectConnection$DispatchWrapper.dispatch(MessageHubBackedObjectConnection.java:182)
	at org.gradle.internal.remote.internal.hub.MessageHubBackedObjectConnection$DispatchWrapper.dispatch(MessageHubBackedObjectConnection.java:164)
	at org.gradle.internal.remote.internal.hub.MessageHub$Handler.run(MessageHub.java:414)
	at org.gradle.internal.concurrent.ExecutorPolicy$CatchAndRecordFailures.onExecute(ExecutorPolicy.java:64)
	at org.gradle.internal.concurrent.ManagedExecutorImpl$1.run(ManagedExecutorImpl.java:48)
	at java.base/java.util.concurrent.ThreadPoolExecutor.runWorker(ThreadPoolExecutor.java:1128)
	at java.base/java.util.concurrent.ThreadPoolExecutor$Worker.run(ThreadPoolExecutor.java:628)
	at org.gradle.internal.concurrent.ThreadFactoryImpl$ManagedThreadRunnable.run(ThreadFactoryImpl.java:56)
	at java.base/java.lang.Thread.run(Thread.java:829)
</failure>
  </testcase>
  <system-out><![CDATA[]]></system-out>
  <system-err><![CDATA[SLF4J: No SLF4J providers were found.
SLF4J: Defaulting to no-operation (NOP) logger implementation
SLF4J: See https://www.slf4j.org/codes.html#noProviders for further details.
Starting ChromeDriver 114.0.5735.90 (386bc09e8f4f2e025eddae123f36f6263096ae49-refs/branch-heads/5735@{#1052}) on port 9127
Only local connections are allowed.
Please see https://chromedriver.chromium.org/security-considerations for suggestions on keeping ChromeDriver safe.
ChromeDriver was started successfully.
]]></system-err>
</testsuite>
