<?xml version="1.0" encoding="UTF-8"?>
<testsuite name="ru.netology.delivery.test.DeliveryTest" tests="1" skipped="0" failures="0" errors="0" timestamp="2023-10-30T16:33:03" hostname="MacBook-Air-Uliana.local" time="12.172">
  <properties/>
  <testcase name="Should successful plan and ChangePlan meeting" classname="ru.netology.delivery.test.DeliveryTest" time="12.172"/>
  <system-out><![CDATA[]]></system-out>
  <system-err><![CDATA[окт. 30, 2023 7:33:11 PM org.openqa.selenium.devtools.CdpVersionFinder findNearestMatch
WARNING: Unable to find an exact match for CDP version 118, so returning the closest version found: 115
]]></system-err>
</testsuite>
